<?xml version="1.0" encoding="UTF-8"?>
<!-- Generated by org.testng.reporters.JUnitReportReporter -->
<testsuite hostname="ACER" failures="0" tests="2" name="DataProvider_Para" time="0.000" errors="0" timestamp="2022-04-05T23:09:22 IST" skipped="0">
  <testcase classname="DataProvider_Para" name="credentials" time="0.000"/>
  <system-out/>
  <testcase classname="DataProvider_Para" name="credentials" time="0.000"/>
  <system-out/>
</testsuite> <!-- DataProvider_Para -->
