<?xml version="1.0" encoding="UTF-8"?>
<!-- Generated by org.testng.reporters.JUnitReportReporter -->
<testsuite hostname="ACER" failures="0" tests="1" name="Simple_Annotation" time="0.015" errors="0" timestamp="2022-03-30T09:10:15 IST" skipped="0">
  <testcase classname="Simple_Annotation" name="fipKart" time="0.015"/>
  <system-out/>
</testsuite> <!-- Simple_Annotation -->
