<?xml version="1.0" encoding="UTF-8"?>
<!-- Generated by org.testng.reporters.JUnitReportReporter -->
<testsuite hostname="ACER" failures="0" tests="2" name="Simple_Annot3Base" time="10.052" errors="0" timestamp="2022-04-03T22:58:35 IST" skipped="1">
  <testcase classname="Simple_Annot3Base" name="facebook" time="10.052"/>
  <system-out/>
  <testcase classname="Simple_Annot3Base" name="amazon">
    <skipped/>
  </testcase> <!-- amazon -->
  <system-out/>
</testsuite> <!-- Simple_Annot3Base -->
