<?xml version="1.0" encoding="UTF-8"?>
<!-- Generated by org.testng.reporters.JUnitReportReporter -->
<testsuite hostname="ACER" failures="0" tests="5" name="Simple_Annotation1" time="0.046" errors="0" timestamp="2022-04-10T23:36:01 IST" skipped="0">
  <testcase classname="Simple_Annotation1" name="Amazon" time="0.015"/>
  <system-out/>
  <testcase classname="Simple_Annotation1" name="Facebook" time="0.000"/>
  <system-out/>
  <testcase classname="Simple_Annotation1" name="fipKart" time="0.000"/>
  <system-out/>
  <testcase classname="Simple_Annotation1" name="fipKart" time="0.015"/>
  <system-out/>
  <testcase classname="Simple_Annotation1" name="fipKart" time="0.016"/>
  <system-out/>
</testsuite> <!-- Simple_Annotation1 -->
