<?xml version="1.0" encoding="UTF-8"?>
<!-- Generated by org.testng.reporters.JUnitReportReporter -->
<testsuite hostname="ACER" failures="0" tests="3" name="Dependency" time="0.010" errors="0" timestamp="2022-04-03T22:20:13 IST" skipped="0">
  <testcase classname="Dependency" name="coursefees" time="0.000"/>
  <system-out/>
  <testcase classname="Dependency" name="courseoffer" time="0.010"/>
  <system-out/>
  <testcase classname="Dependency" name="newyearoffer" time="0.000"/>
  <system-out/>
</testsuite> <!-- Dependency -->
