<?xml version="1.0" encoding="UTF-8"?>
<!-- Generated by org.testng.reporters.JUnitReportReporter -->
<testsuite hostname="ACER" failures="0" tests="9" name="TestFeature_Group$Group" time="0.077" errors="0" timestamp="2022-04-04T16:18:30 IST" skipped="0">
  <testcase classname="TestFeature_Group$Group" name="Burgur" time="0.000"/>
  <system-out/>
  <testcase classname="TestFeature_Group$Group" name="Banana" time="0.016"/>
  <system-out/>
  <testcase classname="TestFeature_Group$Group" name="Carrot" time="0.016"/>
  <system-out/>
  <testcase classname="TestFeature_Group$Group" name="Beans" time="0.015"/>
  <system-out/>
  <testcase classname="TestFeature_Group$Group" name="Beetroot" time="0.000"/>
  <system-out/>
  <testcase classname="TestFeature_Group$Group" name="Pizza" time="0.000"/>
  <system-out/>
  <testcase classname="TestFeature_Group$Group" name="Apple" time="0.015"/>
  <system-out/>
  <testcase classname="TestFeature_Group$Group" name="Pumpkin" time="0.000"/>
  <system-out/>
  <testcase classname="TestFeature_Group$Group" name="orange" time="0.015"/>
  <system-out/>
</testsuite> <!-- TestFeature_Group$Group -->
