<?xml version="1.0" encoding="UTF-8"?>
<!-- Generated by org.testng.reporters.JUnitReportReporter -->
<testsuite hostname="ACER" failures="0" tests="9" name="Groups$Group" time="0.030" errors="0" timestamp="2022-04-03T22:45:53 IST" skipped="0">
  <testcase classname="Groups$Group" name="Pumpkin" time="0.000"/>
  <system-out/>
  <testcase classname="Groups$Group" name="orange" time="0.000"/>
  <system-out/>
  <testcase classname="Groups$Group" name="Beetroot" time="0.010"/>
  <system-out/>
  <testcase classname="Groups$Group" name="Pizza" time="0.010"/>
  <system-out/>
  <testcase classname="Groups$Group" name="Banana" time="0.000"/>
  <system-out/>
  <testcase classname="Groups$Group" name="Burgur" time="0.000"/>
  <system-out/>
  <testcase classname="Groups$Group" name="Apple" time="0.010"/>
  <system-out/>
  <testcase classname="Groups$Group" name="Carrot" time="0.000"/>
  <system-out/>
  <testcase classname="Groups$Group" name="Beans" time="0.000"/>
  <system-out/>
</testsuite> <!-- Groups$Group -->
