<?xml version="1.0" encoding="UTF-8"?>
<!-- Generated by org.testng.reporters.JUnitReportReporter -->
<testsuite hostname="ACER" failures="0" tests="2" name="ignore" time="16.321" errors="0" timestamp="2022-04-04T16:19:29 IST" skipped="1">
  <testcase classname="ignore" name="gmail" time="16.321"/>
  <system-out/>
  <testcase classname="ignore" name="amazon">
    <skipped/>
  </testcase> <!-- amazon -->
  <system-out/>
</testsuite> <!-- ignore -->
