<?xml version="1.0" encoding="UTF-8"?>
<!-- Generated by org.testng.reporters.JUnitReportReporter -->
<testsuite hostname="ACER" failures="0" tests="1" name="Parameters_Features" time="0.000" errors="0" timestamp="2022-04-05T22:16:14 IST" skipped="0">
  <testcase classname="Parameters_Features" name="credentials" time="0.000"/>
  <system-out/>
</testsuite> <!-- Parameters_Features -->
