<?xml version="1.0" encoding="UTF-8"?>
<!-- Generated by org.testng.reporters.JUnitReportReporter -->
<testsuite hostname="ACER" failures="0" tests="1" name="Excepted_Exception" time="10.016" errors="0" timestamp="2022-04-04T13:18:30 IST" skipped="0">
  <testcase classname="Excepted_Exception" name="Thread" time="10.016"/>
  <system-out/>
</testsuite> <!-- Excepted_Exception -->
