<?xml version="1.0" encoding="UTF-8"?>
<!-- Generated by org.testng.reporters.JUnitReportReporter -->
<testsuite hostname="ACER" failures="0" tests="3" name="Parallel" time="22.530" errors="0" timestamp="2022-04-04T22:50:10 IST" skipped="0">
  <testcase classname="Parallel" name="instagram" time="1.014"/>
  <system-out/>
  <testcase classname="Parallel" name="amazon" time="1.042"/>
  <system-out/>
  <testcase classname="Parallel" name="facebook" time="20.474"/>
  <system-out/>
</testsuite> <!-- Parallel -->
